0 info it worked if it ends with ok
1 verbose cli [ '/usr/local/Cellar/node/7.4.0/bin/node',
1 verbose cli   '/Users/dturton/.npm-packages/bin/npm',
1 verbose cli   'install',
1 verbose cli   'node-recurly',
1 verbose cli   '--save' ]
2 info using npm@4.0.5
3 info using node@v7.4.0
4 silly loadCurrentTree Starting
5 silly install loadCurrentTree
6 silly install readLocalPackageData
7 silly fetchPackageMetaData node-recurly
8 silly fetchNamedPackageData node-recurly
9 silly mapToRegistry name node-recurly
10 silly mapToRegistry using default registry
11 silly mapToRegistry registry https://registry.npmjs.org/
12 silly mapToRegistry data Result {
12 silly mapToRegistry   raw: 'node-recurly',
12 silly mapToRegistry   scope: null,
12 silly mapToRegistry   escapedName: 'node-recurly',
12 silly mapToRegistry   name: 'node-recurly',
12 silly mapToRegistry   rawSpec: '',
12 silly mapToRegistry   spec: 'latest',
12 silly mapToRegistry   type: 'tag' }
13 silly mapToRegistry uri https://registry.npmjs.org/node-recurly
14 verbose request uri https://registry.npmjs.org/node-recurly
15 verbose request no auth needed
16 info attempt registry request try #1 at 1:52:51 PM
17 verbose request id 864c1af6358a2b33
18 verbose etag W/"52e45dc0-2c19"
19 verbose lastModified Sun, 26 Jan 2014 00:58:40 GMT
20 http request GET https://registry.npmjs.org/node-recurly
21 http 304 https://registry.npmjs.org/node-recurly
22 verbose headers { date: 'Fri, 13 Jan 2017 18:52:51 GMT',
22 verbose headers   via: '1.1 varnish',
22 verbose headers   'cache-control': 'max-age=300',
22 verbose headers   etag: 'W/"52e45dc0-2c19"',
22 verbose headers   age: '21',
22 verbose headers   connection: 'keep-alive',
22 verbose headers   'x-served-by': 'cache-atl6236-ATL',
22 verbose headers   'x-cache': 'HIT',
22 verbose headers   'x-cache-hits': '1',
22 verbose headers   'x-timer': 'S1484333571.067122,VS0,VE0',
22 verbose headers   vary: 'Accept-Encoding' }
23 silly get cb [ 304,
23 silly get   { date: 'Fri, 13 Jan 2017 18:52:51 GMT',
23 silly get     via: '1.1 varnish',
23 silly get     'cache-control': 'max-age=300',
23 silly get     etag: 'W/"52e45dc0-2c19"',
23 silly get     age: '21',
23 silly get     connection: 'keep-alive',
23 silly get     'x-served-by': 'cache-atl6236-ATL',
23 silly get     'x-cache': 'HIT',
23 silly get     'x-cache-hits': '1',
23 silly get     'x-timer': 'S1484333571.067122,VS0,VE0',
23 silly get     vary: 'Accept-Encoding' } ]
24 verbose etag https://registry.npmjs.org/node-recurly from cache
25 verbose get saving node-recurly to /Users/dturton/.npm/registry.npmjs.org/node-recurly/.cache.json
26 verbose correctMkdir /Users/dturton/.npm correctMkdir not in flight; initializing
27 silly install normalizeTree
28 silly loadCurrentTree Finishing
29 silly loadIdealTree Starting
30 silly install loadIdealTree
31 silly cloneCurrentTree Starting
32 silly install cloneCurrentTreeToIdealTree
33 silly cloneCurrentTree Finishing
34 silly loadShrinkwrap Starting
35 silly install loadShrinkwrap
36 silly loadShrinkwrap Finishing
37 silly loadAllDepsIntoIdealTree Starting
38 silly install loadAllDepsIntoIdealTree
39 silly resolveWithNewModule node-recurly@2.1.0 checking installable status
40 silly cache add args [ 'node-recurly', null ]
41 verbose cache add spec node-recurly
42 silly cache add parsed spec Result {
42 silly cache add   raw: 'node-recurly',
42 silly cache add   scope: null,
42 silly cache add   escapedName: 'node-recurly',
42 silly cache add   name: 'node-recurly',
42 silly cache add   rawSpec: '',
42 silly cache add   spec: 'latest',
42 silly cache add   type: 'tag' }
43 silly addNamed node-recurly@latest
44 verbose addNamed "latest" is being treated as a dist-tag for node-recurly
45 info addNameTag [ 'node-recurly', 'latest' ]
46 silly mapToRegistry name node-recurly
47 silly mapToRegistry using default registry
48 silly mapToRegistry registry https://registry.npmjs.org/
49 silly mapToRegistry data Result {
49 silly mapToRegistry   raw: 'node-recurly',
49 silly mapToRegistry   scope: null,
49 silly mapToRegistry   escapedName: 'node-recurly',
49 silly mapToRegistry   name: 'node-recurly',
49 silly mapToRegistry   rawSpec: '',
49 silly mapToRegistry   spec: 'latest',
49 silly mapToRegistry   type: 'tag' }
50 silly mapToRegistry uri https://registry.npmjs.org/node-recurly
51 verbose addNameTag registry:https://registry.npmjs.org/node-recurly not in flight; fetching
52 verbose get https://registry.npmjs.org/node-recurly not expired, no request
53 silly addNameTag next cb for node-recurly with tag latest
54 silly addNamed node-recurly@2.1.0
55 verbose addNamed "2.1.0" is a plain semver version for node-recurly
56 silly cache afterAdd node-recurly@2.1.0
57 verbose afterAdd /Users/dturton/.npm/node-recurly/2.1.0/package/package.json not in flight; writing
58 verbose correctMkdir /Users/dturton/.npm correctMkdir not in flight; initializing
59 verbose afterAdd /Users/dturton/.npm/node-recurly/2.1.0/package/package.json written
60 silly fetchNamedPackageData xml2js
61 silly mapToRegistry name xml2js
62 silly mapToRegistry using default registry
63 silly mapToRegistry registry https://registry.npmjs.org/
64 silly mapToRegistry data Result {
64 silly mapToRegistry   raw: 'xml2js',
64 silly mapToRegistry   scope: null,
64 silly mapToRegistry   escapedName: 'xml2js',
64 silly mapToRegistry   name: 'xml2js',
64 silly mapToRegistry   rawSpec: '',
64 silly mapToRegistry   spec: 'latest',
64 silly mapToRegistry   type: 'tag' }
65 silly mapToRegistry uri https://registry.npmjs.org/xml2js
66 silly fetchOtherPackageData js2xml@github:valorkin/js2xml
67 silly cache add args [ 'js2xml@github:valorkin/js2xml', null ]
68 verbose cache add spec js2xml@github:valorkin/js2xml
69 silly cache add parsed spec Result {
69 silly cache add   raw: 'js2xml@github:valorkin/js2xml',
69 silly cache add   scope: null,
69 silly cache add   escapedName: 'js2xml',
69 silly cache add   name: 'js2xml',
69 silly cache add   rawSpec: 'github:valorkin/js2xml',
69 silly cache add   spec: 'github:valorkin/js2xml',
69 silly cache add   type: 'hosted',
69 silly cache add   hosted:
69 silly cache add    { type: 'github',
69 silly cache add      ssh: 'git@github.com:valorkin/js2xml.git',
69 silly cache add      sshUrl: 'git+ssh://git@github.com/valorkin/js2xml.git',
69 silly cache add      httpsUrl: 'git+https://github.com/valorkin/js2xml.git',
69 silly cache add      gitUrl: 'git://github.com/valorkin/js2xml.git',
69 silly cache add      shortcut: 'github:valorkin/js2xml',
69 silly cache add      directUrl: 'https://raw.githubusercontent.com/valorkin/js2xml/master/package.json' } }
70 verbose addRemoteGit caching github:valorkin/js2xml
71 verbose addRemoteGit valorkin/js2xml is a repository hosted by github
72 silly tryGitProto attempting to clone git://github.com/valorkin/js2xml.git
73 silly tryClone cloning valorkin/js2xml via git://github.com/valorkin/js2xml.git
74 verbose tryClone git-github-com-valorkin-js2xml-git-361d2357 not in flight; caching
75 verbose correctMkdir /Users/dturton/.npm/_git-remotes correctMkdir not in flight; initializing
76 verbose request uri https://registry.npmjs.org/xml2js
77 verbose request no auth needed
78 info attempt registry request try #1 at 1:52:51 PM
79 verbose etag W/"5874add9-1e8fc"
80 verbose lastModified Tue, 10 Jan 2017 09:48:09 GMT
81 http request GET https://registry.npmjs.org/xml2js
82 info git [ 'clone',
82 info git   '--template=/Users/dturton/.npm/_git-remotes/_templates',
82 info git   '--mirror',
82 info git   'git://github.com/valorkin/js2xml.git',
82 info git   '/Users/dturton/.npm/_git-remotes/git-github-com-valorkin-js2xml-git-361d2357' ]
83 http 304 https://registry.npmjs.org/xml2js
84 verbose headers { date: 'Fri, 13 Jan 2017 18:52:51 GMT',
84 verbose headers   via: '1.1 varnish',
84 verbose headers   'cache-control': 'max-age=300',
84 verbose headers   etag: 'W/"5874add9-1e8fc"',
84 verbose headers   age: '279',
84 verbose headers   connection: 'keep-alive',
84 verbose headers   'x-served-by': 'cache-atl6236-ATL',
84 verbose headers   'x-cache': 'HIT',
84 verbose headers   'x-cache-hits': '2',
84 verbose headers   'x-timer': 'S1484333571.529304,VS0,VE0',
84 verbose headers   vary: 'Accept-Encoding' }
85 silly get cb [ 304,
85 silly get   { date: 'Fri, 13 Jan 2017 18:52:51 GMT',
85 silly get     via: '1.1 varnish',
85 silly get     'cache-control': 'max-age=300',
85 silly get     etag: 'W/"5874add9-1e8fc"',
85 silly get     age: '279',
85 silly get     connection: 'keep-alive',
85 silly get     'x-served-by': 'cache-atl6236-ATL',
85 silly get     'x-cache': 'HIT',
85 silly get     'x-cache-hits': '2',
85 silly get     'x-timer': 'S1484333571.529304,VS0,VE0',
85 silly get     vary: 'Accept-Encoding' } ]
86 verbose etag https://registry.npmjs.org/xml2js from cache
87 verbose get saving xml2js to /Users/dturton/.npm/registry.npmjs.org/xml2js/.cache.json
88 verbose correctMkdir /Users/dturton/.npm correctMkdir not in flight; initializing
89 silly resolveWithNewModule xml2js@0.4.17 checking installable status
90 silly cache add args [ 'xml2js@>= 0.4.0', null ]
91 verbose cache add spec xml2js@>= 0.4.0
92 silly cache add parsed spec Result {
92 silly cache add   raw: 'xml2js@>= 0.4.0',
92 silly cache add   scope: null,
92 silly cache add   escapedName: 'xml2js',
92 silly cache add   name: 'xml2js',
92 silly cache add   rawSpec: '>= 0.4.0',
92 silly cache add   spec: '>=0.4.0',
92 silly cache add   type: 'range' }
93 silly addNamed xml2js@>=0.4.0
94 verbose addNamed ">=0.4.0" is a valid semver range for xml2js
95 silly addNameRange { name: 'xml2js', range: '>=0.4.0', hasData: false }
96 silly mapToRegistry name xml2js
97 silly mapToRegistry using default registry
98 silly mapToRegistry registry https://registry.npmjs.org/
99 silly mapToRegistry data Result {
99 silly mapToRegistry   raw: 'xml2js',
99 silly mapToRegistry   scope: null,
99 silly mapToRegistry   escapedName: 'xml2js',
99 silly mapToRegistry   name: 'xml2js',
99 silly mapToRegistry   rawSpec: '',
99 silly mapToRegistry   spec: 'latest',
99 silly mapToRegistry   type: 'tag' }
100 silly mapToRegistry uri https://registry.npmjs.org/xml2js
101 verbose addNameRange registry:https://registry.npmjs.org/xml2js not in flight; fetching
102 verbose get https://registry.npmjs.org/xml2js not expired, no request
103 silly addNameRange number 2 { name: 'xml2js', range: '>=0.4.0', hasData: true }
104 silly addNameRange versions [ 'xml2js',
104 silly addNameRange   [ '0.1.0',
104 silly addNameRange     '0.1.1',
104 silly addNameRange     '0.1.2',
104 silly addNameRange     '0.1.3',
104 silly addNameRange     '0.1.4',
104 silly addNameRange     '0.1.5',
104 silly addNameRange     '0.1.6',
104 silly addNameRange     '0.1.7',
104 silly addNameRange     '0.1.8',
104 silly addNameRange     '0.1.9',
104 silly addNameRange     '0.1.10',
104 silly addNameRange     '0.1.11',
104 silly addNameRange     '0.1.12',
104 silly addNameRange     '0.1.13',
104 silly addNameRange     '0.1.14',
104 silly addNameRange     '0.2.0',
104 silly addNameRange     '0.2.1',
104 silly addNameRange     '0.2.2',
104 silly addNameRange     '0.2.3',
104 silly addNameRange     '0.2.4',
104 silly addNameRange     '0.2.5',
104 silly addNameRange     '0.2.6',
104 silly addNameRange     '0.2.7',
104 silly addNameRange     '0.2.8',
104 silly addNameRange     '0.4.0',
104 silly addNameRange     '0.4.1',
104 silly addNameRange     '0.4.2',
104 silly addNameRange     '0.4.3',
104 silly addNameRange     '0.4.4',
104 silly addNameRange     '0.4.5',
104 silly addNameRange     '0.4.6',
104 silly addNameRange     '0.4.7',
104 silly addNameRange     '0.4.8',
104 silly addNameRange     '0.4.9',
104 silly addNameRange     '0.4.10',
104 silly addNameRange     '0.4.11',
104 silly addNameRange     '0.4.12',
104 silly addNameRange     '0.4.13',
104 silly addNameRange     '0.4.1-4.1',
104 silly addNameRange     '0.4.15',
104 silly addNameRange     '0.4.16',
104 silly addNameRange     '0.4.17' ] ]
105 silly addNamed xml2js@0.4.17
106 verbose addNamed "0.4.17" is a plain semver version for xml2js
107 silly cache afterAdd xml2js@0.4.17
108 verbose afterAdd /Users/dturton/.npm/xml2js/0.4.17/package/package.json not in flight; writing
109 verbose correctMkdir /Users/dturton/.npm correctMkdir not in flight; initializing
110 verbose afterAdd /Users/dturton/.npm/xml2js/0.4.17/package/package.json written
111 verbose git clone --template=/Users/dturton/.npm/_git-remotes/_templates --mirror git://github.com/valorkin/js2xml.git /Users/dturton/.npm/_git-remotes/git-github-com-valorkin-js2xml-git-361d2357: Cloning into bare repository '/Users/dturton/.npm/_git-remotes/git-github-com-valorkin-js2xml-git-361d2357'...
111 verbose git clone --template=/Users/dturton/.npm/_git-remotes/_templates --mirror git://github.com/valorkin/js2xml.git /Users/dturton/.npm/_git-remotes/git-github-com-valorkin-js2xml-git-361d2357: fatal: remote error:
111 verbose git clone --template=/Users/dturton/.npm/_git-remotes/_templates --mirror git://github.com/valorkin/js2xml.git /Users/dturton/.npm/_git-remotes/git-github-com-valorkin-js2xml-git-361d2357:   Repository not found.
112 silly tryHTTPS attempting to clone git+https://github.com/valorkin/js2xml.git
113 silly tryClone cloning valorkin/js2xml via git+https://github.com/valorkin/js2xml.git
114 verbose tryClone git-https-github-com-valorkin-js2xml-git-83bed583 not in flight; caching
115 verbose correctMkdir /Users/dturton/.npm/_git-remotes correctMkdir not in flight; initializing
116 info git [ 'clone',
116 info git   '--template=/Users/dturton/.npm/_git-remotes/_templates',
116 info git   '--mirror',
116 info git   'https://github.com/valorkin/js2xml.git',
116 info git   '/Users/dturton/.npm/_git-remotes/git-https-github-com-valorkin-js2xml-git-83bed583' ]
117 verbose git clone --template=/Users/dturton/.npm/_git-remotes/_templates --mirror https://github.com/valorkin/js2xml.git /Users/dturton/.npm/_git-remotes/git-https-github-com-valorkin-js2xml-git-83bed583: Cloning into bare repository '/Users/dturton/.npm/_git-remotes/git-https-github-com-valorkin-js2xml-git-83bed583'...
117 verbose git clone --template=/Users/dturton/.npm/_git-remotes/_templates --mirror https://github.com/valorkin/js2xml.git /Users/dturton/.npm/_git-remotes/git-https-github-com-valorkin-js2xml-git-83bed583: remote: Repository not found.
117 verbose git clone --template=/Users/dturton/.npm/_git-remotes/_templates --mirror https://github.com/valorkin/js2xml.git /Users/dturton/.npm/_git-remotes/git-https-github-com-valorkin-js2xml-git-83bed583: fatal: repository 'https://github.com/valorkin/js2xml.git/' not found
118 silly trySSH attempting to clone git@github.com:valorkin/js2xml.git
119 silly tryClone cloning valorkin/js2xml via git@github.com:valorkin/js2xml.git
120 verbose tryClone git-github-com-valorkin-js2xml-git-58ed3ac4 not in flight; caching
121 verbose correctMkdir /Users/dturton/.npm/_git-remotes correctMkdir not in flight; initializing
122 info git [ 'clone',
122 info git   '--template=/Users/dturton/.npm/_git-remotes/_templates',
122 info git   '--mirror',
122 info git   'git@github.com:valorkin/js2xml.git',
122 info git   '/Users/dturton/.npm/_git-remotes/git-github-com-valorkin-js2xml-git-58ed3ac4' ]
123 error git clone --template=/Users/dturton/.npm/_git-remotes/_templates --mirror git@github.com:valorkin/js2xml.git /Users/dturton/.npm/_git-remotes/git-github-com-valorkin-js2xml-git-58ed3ac4: Cloning into bare repository '/Users/dturton/.npm/_git-remotes/git-github-com-valorkin-js2xml-git-58ed3ac4'...
123 error git clone --template=/Users/dturton/.npm/_git-remotes/_templates --mirror git@github.com:valorkin/js2xml.git /Users/dturton/.npm/_git-remotes/git-github-com-valorkin-js2xml-git-58ed3ac4: ERROR: Repository not found.
123 error git clone --template=/Users/dturton/.npm/_git-remotes/_templates --mirror git@github.com:valorkin/js2xml.git /Users/dturton/.npm/_git-remotes/git-github-com-valorkin-js2xml-git-58ed3ac4: fatal: Could not read from remote repository.
123 error git clone --template=/Users/dturton/.npm/_git-remotes/_templates --mirror git@github.com:valorkin/js2xml.git /Users/dturton/.npm/_git-remotes/git-github-com-valorkin-js2xml-git-58ed3ac4:
123 error git clone --template=/Users/dturton/.npm/_git-remotes/_templates --mirror git@github.com:valorkin/js2xml.git /Users/dturton/.npm/_git-remotes/git-github-com-valorkin-js2xml-git-58ed3ac4: Please make sure you have the correct access rights
123 error git clone --template=/Users/dturton/.npm/_git-remotes/_templates --mirror git@github.com:valorkin/js2xml.git /Users/dturton/.npm/_git-remotes/git-github-com-valorkin-js2xml-git-58ed3ac4: and the repository exists.
124 silly fetchPackageMetaData Error: Command failed: git clone --template=/Users/dturton/.npm/_git-remotes/_templates --mirror git@github.com:valorkin/js2xml.git /Users/dturton/.npm/_git-remotes/git-github-com-valorkin-js2xml-git-58ed3ac4
124 silly fetchPackageMetaData Cloning into bare repository '/Users/dturton/.npm/_git-remotes/git-github-com-valorkin-js2xml-git-58ed3ac4'...
124 silly fetchPackageMetaData ERROR: Repository not found.
124 silly fetchPackageMetaData fatal: Could not read from remote repository.
124 silly fetchPackageMetaData
124 silly fetchPackageMetaData Please make sure you have the correct access rights
124 silly fetchPackageMetaData and the repository exists.
124 silly fetchPackageMetaData
124 silly fetchPackageMetaData     at ChildProcess.exithandler (child_process.js:211:12)
124 silly fetchPackageMetaData     at emitTwo (events.js:106:13)
124 silly fetchPackageMetaData     at ChildProcess.emit (events.js:191:7)
124 silly fetchPackageMetaData     at maybeClose (internal/child_process.js:885:16)
124 silly fetchPackageMetaData     at Socket.<anonymous> (internal/child_process.js:334:11)
124 silly fetchPackageMetaData     at emitOne (events.js:96:13)
124 silly fetchPackageMetaData     at Socket.emit (events.js:188:7)
124 silly fetchPackageMetaData     at Pipe._handle.close [as _onclose] (net.js:501:12)
124 silly fetchPackageMetaData  error for js2xml@github:valorkin/js2xml { Error: Command failed: git clone --template=/Users/dturton/.npm/_git-remotes/_templates --mirror git@github.com:valorkin/js2xml.git /Users/dturton/.npm/_git-remotes/git-github-com-valorkin-js2xml-git-58ed3ac4
124 silly fetchPackageMetaData Cloning into bare repository '/Users/dturton/.npm/_git-remotes/git-github-com-valorkin-js2xml-git-58ed3ac4'...
124 silly fetchPackageMetaData ERROR: Repository not found.
124 silly fetchPackageMetaData fatal: Could not read from remote repository.
124 silly fetchPackageMetaData
124 silly fetchPackageMetaData Please make sure you have the correct access rights
124 silly fetchPackageMetaData and the repository exists.
124 silly fetchPackageMetaData
124 silly fetchPackageMetaData     at ChildProcess.exithandler (child_process.js:211:12)
124 silly fetchPackageMetaData     at emitTwo (events.js:106:13)
124 silly fetchPackageMetaData     at ChildProcess.emit (events.js:191:7)
124 silly fetchPackageMetaData     at maybeClose (internal/child_process.js:885:16)
124 silly fetchPackageMetaData     at Socket.<anonymous> (internal/child_process.js:334:11)
124 silly fetchPackageMetaData     at emitOne (events.js:96:13)
124 silly fetchPackageMetaData     at Socket.emit (events.js:188:7)
124 silly fetchPackageMetaData     at Pipe._handle.close [as _onclose] (net.js:501:12)
124 silly fetchPackageMetaData   killed: false,
124 silly fetchPackageMetaData   code: 128,
124 silly fetchPackageMetaData   signal: null,
124 silly fetchPackageMetaData   cmd: 'git clone --template=/Users/dturton/.npm/_git-remotes/_templates --mirror git@github.com:valorkin/js2xml.git /Users/dturton/.npm/_git-remotes/git-github-com-valorkin-js2xml-git-58ed3ac4' }
125 silly rollbackFailedOptional Starting
126 silly rollbackFailedOptional Finishing
127 silly runTopLevelLifecycles Finishing
128 silly install printInstalled
129 verbose stack Error: Command failed: git clone --template=/Users/dturton/.npm/_git-remotes/_templates --mirror git@github.com:valorkin/js2xml.git /Users/dturton/.npm/_git-remotes/git-github-com-valorkin-js2xml-git-58ed3ac4
129 verbose stack Cloning into bare repository '/Users/dturton/.npm/_git-remotes/git-github-com-valorkin-js2xml-git-58ed3ac4'...
129 verbose stack ERROR: Repository not found.
129 verbose stack fatal: Could not read from remote repository.
129 verbose stack
129 verbose stack Please make sure you have the correct access rights
129 verbose stack and the repository exists.
129 verbose stack
129 verbose stack     at ChildProcess.exithandler (child_process.js:211:12)
129 verbose stack     at emitTwo (events.js:106:13)
129 verbose stack     at ChildProcess.emit (events.js:191:7)
129 verbose stack     at maybeClose (internal/child_process.js:885:16)
129 verbose stack     at Socket.<anonymous> (internal/child_process.js:334:11)
129 verbose stack     at emitOne (events.js:96:13)
129 verbose stack     at Socket.emit (events.js:188:7)
129 verbose stack     at Pipe._handle.close [as _onclose] (net.js:501:12)
130 verbose cwd /Users/dturton/Desktop/node-babel
131 error Darwin 16.3.0
132 error argv "/usr/local/Cellar/node/7.4.0/bin/node" "/Users/dturton/.npm-packages/bin/npm" "install" "node-recurly" "--save"
133 error node v7.4.0
134 error npm  v4.0.5
135 error code 128
136 error Command failed: git clone --template=/Users/dturton/.npm/_git-remotes/_templates --mirror git@github.com:valorkin/js2xml.git /Users/dturton/.npm/_git-remotes/git-github-com-valorkin-js2xml-git-58ed3ac4
136 error Cloning into bare repository '/Users/dturton/.npm/_git-remotes/git-github-com-valorkin-js2xml-git-58ed3ac4'...
136 error ERROR: Repository not found.
136 error fatal: Could not read from remote repository.
136 error
136 error Please make sure you have the correct access rights
136 error and the repository exists.
137 error If you need help, you may report this error at:
137 error     <https://github.com/npm/npm/issues>
138 verbose exit [ 1, true ]
